<?xml version="1.0" encoding="UTF-8"?>
<!-- Generated by org.testng.reporters.JUnitReportReporter -->
<testsuite hostname="SD-20190702PVCM" name="milkway.tzz.Log4jTest" tests="1" failures="0" timestamp="21 Mar 2020 17:13:11 GMT" time="0.087" errors="0">
  <testcase name="f" time="0.087" classname="milkway.tzz.Log4jTest"/>
</testsuite> <!-- milkway.tzz.Log4jTest -->
